<?xml version="1.0" encoding="UTF-8"?>
<TestRun id="46d65ad6-3524-40f8-a3ca-767dfb8cceb2" name="u017121@CAB99 2014-11-10 17:19:33" runUser="CAB99\u017121" xmlns="http://microsoft.com/schemas/VisualStudio/TeamTest/2010">
  <Times creation="2014-11-10T17:19:33.1226641+01:00" queuing="2014-11-10T17:19:33.1226641+01:00" start="2014-11-10T17:19:33.1326647+01:00" finish="2014-11-10T17:19:33.1946682+01:00" />
  <TestSettings name="default" id="6c04e796-c828-4e64-8a82-12bb966a7257">
    <Execution>
      <TestTypeSpecific />
    </Execution>
    <Deployment runDeploymentRoot="u017121_CAB99 2014-11-10 17_19_33" />
    <Properties />
  </TestSettings>
  <Results>
    <UnitTestResult executionId="18d31a01-651f-4cac-a880-cc2e6b7d817d" testId="789f9366-74f3-31e5-63a6-333be5a3e51a" testName="CreateMessageTest" computerName="CAB99" duration="00:00:00.0225300" startTime="2014-11-10T17:19:32.9186524+01:00" endTime="2014-11-10T17:19:32.9916566+01:00" testType="13cdc9d9-ddb5-4fa4-a97d-d965ccfc6d4b" outcome="Passed" testListId="8c84fa94-04c1-424b-9868-57a2d4851a1d" relativeResultsDirectory="18d31a01-651f-4cac-a880-cc2e6b7d817d" />
    <UnitTestResult executionId="f70f6e46-05d1-45dd-8d4a-2c23f2b49754" testId="c4f5d006-549a-0ba4-057c-4f5f7bf4f595" testName="CreateMessageTestFail" computerName="CAB99" duration="00:00:00.0004507" startTime="2014-11-10T17:19:33.0046574+01:00" endTime="2014-11-10T17:19:33.0056574+01:00" testType="13cdc9d9-ddb5-4fa4-a97d-d965ccfc6d4b" outcome="Passed" testListId="8c84fa94-04c1-424b-9868-57a2d4851a1d" relativeResultsDirectory="f70f6e46-05d1-45dd-8d4a-2c23f2b49754" />
    <UnitTestResult executionId="c71da5e2-d86b-4228-8c93-a546ffb2e892" testId="49a74de9-0be3-c921-2058-f3e54474097b" testName="CreateMessageGoodByeTest" computerName="CAB99" duration="00:00:00.0001550" startTime="2014-11-10T17:19:33.0056574+01:00" endTime="2014-11-10T17:19:33.0066575+01:00" testType="13cdc9d9-ddb5-4fa4-a97d-d965ccfc6d4b" outcome="Passed" testListId="8c84fa94-04c1-424b-9868-57a2d4851a1d" relativeResultsDirectory="c71da5e2-d86b-4228-8c93-a546ffb2e892" />
    <UnitTestResult executionId="614d6d38-5125-40a3-ae49-2e78a4c59093" testId="30596c07-1ef6-878f-c765-ce4d180a83ba" testName="CreateMessageGoodByeTestFail" computerName="CAB99" duration="00:00:00.0000888" startTime="2014-11-10T17:19:33.0066575+01:00" endTime="2014-11-10T17:19:33.0066575+01:00" testType="13cdc9d9-ddb5-4fa4-a97d-d965ccfc6d4b" outcome="Passed" testListId="8c84fa94-04c1-424b-9868-57a2d4851a1d" relativeResultsDirectory="614d6d38-5125-40a3-ae49-2e78a4c59093" />
    <UnitTestResult executionId="6c3dd0f6-5857-4d54-b6e5-73efbfe10635" testId="16162f9d-858a-779e-2a28-fe3093bae5dd" testName="TestMethodA" computerName="CAB99" duration="00:00:00.0000829" startTime="2014-11-10T17:19:33.0066575+01:00" endTime="2014-11-10T17:19:33.0076575+01:00" testType="13cdc9d9-ddb5-4fa4-a97d-d965ccfc6d4b" outcome="Passed" testListId="8c84fa94-04c1-424b-9868-57a2d4851a1d" relativeResultsDirectory="6c3dd0f6-5857-4d54-b6e5-73efbfe10635" />
    <UnitTestResult executionId="c54a071f-472f-42d0-84c2-14fad4b6d0ed" testId="ba9d1cff-04a6-c428-dc0f-4bc9af163838" testName="TestMethodB" computerName="CAB99" duration="00:00:00.0000832" startTime="2014-11-10T17:19:33.0076575+01:00" endTime="2014-11-10T17:19:33.0086576+01:00" testType="13cdc9d9-ddb5-4fa4-a97d-d965ccfc6d4b" outcome="Passed" testListId="8c84fa94-04c1-424b-9868-57a2d4851a1d" relativeResultsDirectory="c54a071f-472f-42d0-84c2-14fad4b6d0ed" />
    <UnitTestResult executionId="189bd6e0-d984-40bc-9314-4834475be329" testId="9d57d6d3-7da2-34e0-9ed3-6e7c88f0f2fd" testName="TestMethodC" computerName="CAB99" duration="00:00:00.0000850" startTime="2014-11-10T17:19:33.0086576+01:00" endTime="2014-11-10T17:19:33.0086576+01:00" testType="13cdc9d9-ddb5-4fa4-a97d-d965ccfc6d4b" outcome="Passed" testListId="8c84fa94-04c1-424b-9868-57a2d4851a1d" relativeResultsDirectory="189bd6e0-d984-40bc-9314-4834475be329" />
    <UnitTestResult executionId="5bb0d6c1-9102-4349-a723-79ece89e4b43" testId="41f938de-a132-7c4a-5790-4575e643fbf6" testName="TestMethodD" computerName="CAB99" duration="00:00:00.0000804" startTime="2014-11-10T17:19:33.0086576+01:00" endTime="2014-11-10T17:19:33.0096576+01:00" testType="13cdc9d9-ddb5-4fa4-a97d-d965ccfc6d4b" outcome="Passed" testListId="8c84fa94-04c1-424b-9868-57a2d4851a1d" relativeResultsDirectory="5bb0d6c1-9102-4349-a723-79ece89e4b43" />
    <UnitTestResult executionId="994b5eed-c8b5-4c0f-9ccc-e6fc9ccd6ab5" testId="bd8796db-5f73-f496-30e5-5730b7e3a57e" testName="TestMethod1" computerName="CAB99" duration="00:00:00.0000804" startTime="2014-11-10T17:19:33.0096576+01:00" endTime="2014-11-10T17:19:33.0106577+01:00" testType="13cdc9d9-ddb5-4fa4-a97d-d965ccfc6d4b" outcome="Passed" testListId="8c84fa94-04c1-424b-9868-57a2d4851a1d" relativeResultsDirectory="994b5eed-c8b5-4c0f-9ccc-e6fc9ccd6ab5" />
    <UnitTestResult executionId="1b3e8cea-e83f-48eb-891c-94a66c71f44a" testId="6fda3169-54df-6795-7423-6a529a89fab6" testName="TestMethod2" computerName="CAB99" duration="00:00:00.0000895" startTime="2014-11-10T17:19:33.0776615+01:00" endTime="2014-11-10T17:19:33.0786616+01:00" testType="13cdc9d9-ddb5-4fa4-a97d-d965ccfc6d4b" outcome="Passed" testListId="8c84fa94-04c1-424b-9868-57a2d4851a1d" relativeResultsDirectory="1b3e8cea-e83f-48eb-891c-94a66c71f44a" />
    <UnitTestResult executionId="67b9b28e-b7ea-4eac-9114-a2d73d5bc59a" testId="2c28ba8a-1082-b646-ef27-d52d0f8345b1" testName="TestMethod3" computerName="CAB99" duration="00:00:00.0000815" startTime="2014-11-10T17:19:33.0786616+01:00" endTime="2014-11-10T17:19:33.0786616+01:00" testType="13cdc9d9-ddb5-4fa4-a97d-d965ccfc6d4b" outcome="Passed" testListId="8c84fa94-04c1-424b-9868-57a2d4851a1d" relativeResultsDirectory="67b9b28e-b7ea-4eac-9114-a2d73d5bc59a" />
    <UnitTestResult executionId="126578f1-6cdf-4305-bb01-f7803a571726" testId="71f0af9e-b34b-ba65-2320-90d99571c913" testName="TestMethod4" computerName="CAB99" duration="00:00:00.0000818" startTime="2014-11-10T17:19:33.0786616+01:00" endTime="2014-11-10T17:19:33.0796616+01:00" testType="13cdc9d9-ddb5-4fa4-a97d-d965ccfc6d4b" outcome="Passed" testListId="8c84fa94-04c1-424b-9868-57a2d4851a1d" relativeResultsDirectory="126578f1-6cdf-4305-bb01-f7803a571726" />
  </Results>
  <TestDefinitions>
    <UnitTest name="CreateMessageTest" storage="c:\github_archive\hellobyerik\hellobyerik\hellobyeriktests\bin\debug\hellobyeriktests.dll" id="789f9366-74f3-31e5-63a6-333be5a3e51a">
      <Execution id="18d31a01-651f-4cac-a880-cc2e6b7d817d" />
      <TestMethod codeBase="C:\GitHub_Archive\HelloByErik\HelloByErik\HelloByErikTests\bin\Debug\HelloByErikTests.dll" adapterTypeName="Microsoft.VisualStudio.TestTools.TestTypes.Unit.UnitTestAdapter" className="HelloByErikTests.CreateMessageTests" name="CreateMessageTest" />
    </UnitTest>
    <UnitTest name="CreateMessageTestFail" storage="c:\github_archive\hellobyerik\hellobyerik\hellobyeriktests\bin\debug\hellobyeriktests.dll" id="c4f5d006-549a-0ba4-057c-4f5f7bf4f595">
      <Execution id="f70f6e46-05d1-45dd-8d4a-2c23f2b49754" />
      <TestMethod codeBase="C:\GitHub_Archive\HelloByErik\HelloByErik\HelloByErikTests\bin\Debug\HelloByErikTests.dll" adapterTypeName="Microsoft.VisualStudio.TestTools.TestTypes.Unit.UnitTestAdapter" className="HelloByErikTests.CreateMessageTests" name="CreateMessageTestFail" />
    </UnitTest>
    <UnitTest name="CreateMessageGoodByeTest" storage="c:\github_archive\hellobyerik\hellobyerik\hellobyeriktests\bin\debug\hellobyeriktests.dll" id="49a74de9-0be3-c921-2058-f3e54474097b">
      <Execution id="c71da5e2-d86b-4228-8c93-a546ffb2e892" />
      <TestMethod codeBase="C:\GitHub_Archive\HelloByErik\HelloByErik\HelloByErikTests\bin\Debug\HelloByErikTests.dll" adapterTypeName="Microsoft.VisualStudio.TestTools.TestTypes.Unit.UnitTestAdapter" className="HelloByErikTests.CreateMessageTests" name="CreateMessageGoodByeTest" />
    </UnitTest>
    <UnitTest name="CreateMessageGoodByeTestFail" storage="c:\github_archive\hellobyerik\hellobyerik\hellobyeriktests\bin\debug\hellobyeriktests.dll" id="30596c07-1ef6-878f-c765-ce4d180a83ba">
      <Execution id="614d6d38-5125-40a3-ae49-2e78a4c59093" />
      <TestMethod codeBase="C:\GitHub_Archive\HelloByErik\HelloByErik\HelloByErikTests\bin\Debug\HelloByErikTests.dll" adapterTypeName="Microsoft.VisualStudio.TestTools.TestTypes.Unit.UnitTestAdapter" className="HelloByErikTests.CreateMessageTests" name="CreateMessageGoodByeTestFail" />
    </UnitTest>
    <UnitTest name="TestMethodA" storage="c:\github_archive\hellobyerik\hellobyerik\hellobyeriktests\bin\debug\hellobyeriktests.dll" id="16162f9d-858a-779e-2a28-fe3093bae5dd">
      <Execution id="6c3dd0f6-5857-4d54-b6e5-73efbfe10635" />
      <TestMethod codeBase="C:\GitHub_Archive\HelloByErik\HelloByErik\HelloByErikTests\bin\Debug\HelloByErikTests.dll" adapterTypeName="Microsoft.VisualStudio.TestTools.TestTypes.Unit.UnitTestAdapter" className="HelloByErikTests.UnitTestA" name="TestMethodA" />
    </UnitTest>
    <UnitTest name="TestMethodB" storage="c:\github_archive\hellobyerik\hellobyerik\hellobyeriktests\bin\debug\hellobyeriktests.dll" id="ba9d1cff-04a6-c428-dc0f-4bc9af163838">
      <Execution id="c54a071f-472f-42d0-84c2-14fad4b6d0ed" />
      <TestMethod codeBase="C:\GitHub_Archive\HelloByErik\HelloByErik\HelloByErikTests\bin\Debug\HelloByErikTests.dll" adapterTypeName="Microsoft.VisualStudio.TestTools.TestTypes.Unit.UnitTestAdapter" className="HelloByErikTests.UnitTestB" name="TestMethodB" />
    </UnitTest>
    <UnitTest name="TestMethodC" storage="c:\github_archive\hellobyerik\hellobyerik\hellobyeriktests\bin\debug\hellobyeriktests.dll" id="9d57d6d3-7da2-34e0-9ed3-6e7c88f0f2fd">
      <Execution id="189bd6e0-d984-40bc-9314-4834475be329" />
      <TestMethod codeBase="C:\GitHub_Archive\HelloByErik\HelloByErik\HelloByErikTests\bin\Debug\HelloByErikTests.dll" adapterTypeName="Microsoft.VisualStudio.TestTools.TestTypes.Unit.UnitTestAdapter" className="HelloByErikTests.UnitTestC" name="TestMethodC" />
    </UnitTest>
    <UnitTest name="TestMethodD" storage="c:\github_archive\hellobyerik\hellobyerik\hellobyeriktests\bin\debug\hellobyeriktests.dll" id="41f938de-a132-7c4a-5790-4575e643fbf6">
      <Execution id="5bb0d6c1-9102-4349-a723-79ece89e4b43" />
      <TestMethod codeBase="C:\GitHub_Archive\HelloByErik\HelloByErik\HelloByErikTests\bin\Debug\HelloByErikTests.dll" adapterTypeName="Microsoft.VisualStudio.TestTools.TestTypes.Unit.UnitTestAdapter" className="HelloByErikTests.UnitTestD" name="TestMethodD" />
    </UnitTest>
    <UnitTest name="TestMethod1" storage="c:\github_archive\hellobyerik\hellobyerik\hellobyeriktests\bin\debug\hellobyeriktests.dll" id="bd8796db-5f73-f496-30e5-5730b7e3a57e">
      <Execution id="994b5eed-c8b5-4c0f-9ccc-e6fc9ccd6ab5" />
      <TestMethod codeBase="C:\GitHub_Archive\HelloByErik\HelloByErik\HelloByErikTests\bin\Debug\HelloByErikTests.dll" adapterTypeName="Microsoft.VisualStudio.TestTools.TestTypes.Unit.UnitTestAdapter" className="HelloByErikTests.UnitTest1" name="TestMethod1" />
    </UnitTest>
    <UnitTest name="TestMethod2" storage="c:\github_archive\hellobyerik\hellobyerik\hellobyeriktests\bin\debug\hellobyeriktests.dll" id="6fda3169-54df-6795-7423-6a529a89fab6">
      <Execution id="1b3e8cea-e83f-48eb-891c-94a66c71f44a" />
      <TestMethod codeBase="C:\GitHub_Archive\HelloByErik\HelloByErik\HelloByErikTests\bin\Debug\HelloByErikTests.dll" adapterTypeName="Microsoft.VisualStudio.TestTools.TestTypes.Unit.UnitTestAdapter" className="HelloByErikTests.UnitTest2" name="TestMethod2" />
    </UnitTest>
    <UnitTest name="TestMethod3" storage="c:\github_archive\hellobyerik\hellobyerik\hellobyeriktests\bin\debug\hellobyeriktests.dll" id="2c28ba8a-1082-b646-ef27-d52d0f8345b1">
      <Execution id="67b9b28e-b7ea-4eac-9114-a2d73d5bc59a" />
      <TestMethod codeBase="C:\GitHub_Archive\HelloByErik\HelloByErik\HelloByErikTests\bin\Debug\HelloByErikTests.dll" adapterTypeName="Microsoft.VisualStudio.TestTools.TestTypes.Unit.UnitTestAdapter" className="HelloByErikTests.UnitTest3" name="TestMethod3" />
    </UnitTest>
    <UnitTest name="TestMethod4" storage="c:\github_archive\hellobyerik\hellobyerik\hellobyeriktests\bin\debug\hellobyeriktests.dll" id="71f0af9e-b34b-ba65-2320-90d99571c913">
      <Execution id="126578f1-6cdf-4305-bb01-f7803a571726" />
      <TestMethod codeBase="C:\GitHub_Archive\HelloByErik\HelloByErik\HelloByErikTests\bin\Debug\HelloByErikTests.dll" adapterTypeName="Microsoft.VisualStudio.TestTools.TestTypes.Unit.UnitTestAdapter" className="HelloByErikTests.UnitTest4" name="TestMethod4" />
    </UnitTest>
  </TestDefinitions>
  <TestEntries>
    <TestEntry testId="789f9366-74f3-31e5-63a6-333be5a3e51a" executionId="18d31a01-651f-4cac-a880-cc2e6b7d817d" testListId="8c84fa94-04c1-424b-9868-57a2d4851a1d" />
    <TestEntry testId="c4f5d006-549a-0ba4-057c-4f5f7bf4f595" executionId="f70f6e46-05d1-45dd-8d4a-2c23f2b49754" testListId="8c84fa94-04c1-424b-9868-57a2d4851a1d" />
    <TestEntry testId="49a74de9-0be3-c921-2058-f3e54474097b" executionId="c71da5e2-d86b-4228-8c93-a546ffb2e892" testListId="8c84fa94-04c1-424b-9868-57a2d4851a1d" />
    <TestEntry testId="30596c07-1ef6-878f-c765-ce4d180a83ba" executionId="614d6d38-5125-40a3-ae49-2e78a4c59093" testListId="8c84fa94-04c1-424b-9868-57a2d4851a1d" />
    <TestEntry testId="16162f9d-858a-779e-2a28-fe3093bae5dd" executionId="6c3dd0f6-5857-4d54-b6e5-73efbfe10635" testListId="8c84fa94-04c1-424b-9868-57a2d4851a1d" />
    <TestEntry testId="ba9d1cff-04a6-c428-dc0f-4bc9af163838" executionId="c54a071f-472f-42d0-84c2-14fad4b6d0ed" testListId="8c84fa94-04c1-424b-9868-57a2d4851a1d" />
    <TestEntry testId="9d57d6d3-7da2-34e0-9ed3-6e7c88f0f2fd" executionId="189bd6e0-d984-40bc-9314-4834475be329" testListId="8c84fa94-04c1-424b-9868-57a2d4851a1d" />
    <TestEntry testId="41f938de-a132-7c4a-5790-4575e643fbf6" executionId="5bb0d6c1-9102-4349-a723-79ece89e4b43" testListId="8c84fa94-04c1-424b-9868-57a2d4851a1d" />
    <TestEntry testId="bd8796db-5f73-f496-30e5-5730b7e3a57e" executionId="994b5eed-c8b5-4c0f-9ccc-e6fc9ccd6ab5" testListId="8c84fa94-04c1-424b-9868-57a2d4851a1d" />
    <TestEntry testId="6fda3169-54df-6795-7423-6a529a89fab6" executionId="1b3e8cea-e83f-48eb-891c-94a66c71f44a" testListId="8c84fa94-04c1-424b-9868-57a2d4851a1d" />
    <TestEntry testId="2c28ba8a-1082-b646-ef27-d52d0f8345b1" executionId="67b9b28e-b7ea-4eac-9114-a2d73d5bc59a" testListId="8c84fa94-04c1-424b-9868-57a2d4851a1d" />
    <TestEntry testId="71f0af9e-b34b-ba65-2320-90d99571c913" executionId="126578f1-6cdf-4305-bb01-f7803a571726" testListId="8c84fa94-04c1-424b-9868-57a2d4851a1d" />
  </TestEntries>
  <TestLists>
    <TestList name="Results Not in a List" id="8c84fa94-04c1-424b-9868-57a2d4851a1d" />
    <TestList name="All Loaded Results" id="19431567-8539-422a-85d7-44ee4e166bda" />
  </TestLists>
  <ResultSummary outcome="Completed">
    <Counters total="12" executed="12" passed="12" failed="0" error="0" timeout="0" aborted="0" inconclusive="0" passedButRunAborted="0" notRunnable="0" notExecuted="0" disconnected="0" warning="0" completed="0" inProgress="0" pending="0" />
    <RunInfos>
      <RunInfo computerName="CAB99" outcome="Warning" timestamp="2014-11-10T17:19:32.5996342+01:00">
        <Text>Diagnostic data adapter message: Could not find diagnostic data adapter 'Code Coverage'.  Make sure diagnostic data adapter is installed and try again.</Text>
      </RunInfo>
    </RunInfos>
  </ResultSummary>
</TestRun>