<?xml version="1.0" encoding="UTF-8"?>
<TestRun id="0bd16cca-972e-4b1e-8099-8ca2d0571d53" name="u017121@CAB99 2014-11-10 17:20:46" runUser="CAB99\u017121" xmlns="http://microsoft.com/schemas/VisualStudio/TeamTest/2010">
  <Times creation="2014-11-10T17:20:46.1988438+01:00" queuing="2014-11-10T17:20:46.1988438+01:00" start="2014-11-10T17:20:46.2068443+01:00" finish="2014-11-10T17:20:46.2818486+01:00" />
  <TestSettings name="default" id="66371da4-ee47-4143-a93c-02004e33aee9">
    <Execution>
      <TestTypeSpecific />
    </Execution>
    <Deployment runDeploymentRoot="u017121_CAB99 2014-11-10 17_20_46" />
    <Properties />
  </TestSettings>
  <Results>
    <UnitTestResult executionId="7a9d9ff4-cd68-462e-96a1-aba74172b5a5" testId="789f9366-74f3-31e5-63a6-333be5a3e51a" testName="CreateMessageTest" computerName="CAB99" duration="00:00:00.0055661" startTime="2014-11-10T17:20:46.0498353+01:00" endTime="2014-11-10T17:20:46.0868374+01:00" testType="13cdc9d9-ddb5-4fa4-a97d-d965ccfc6d4b" outcome="Passed" testListId="8c84fa94-04c1-424b-9868-57a2d4851a1d" relativeResultsDirectory="7a9d9ff4-cd68-462e-96a1-aba74172b5a5" />
    <UnitTestResult executionId="1d106565-008c-4a02-bbf9-c3fadb68077b" testId="c4f5d006-549a-0ba4-057c-4f5f7bf4f595" testName="CreateMessageTestFail" computerName="CAB99" duration="00:00:00.0004262" startTime="2014-11-10T17:20:46.0998382+01:00" endTime="2014-11-10T17:20:46.1008382+01:00" testType="13cdc9d9-ddb5-4fa4-a97d-d965ccfc6d4b" outcome="Passed" testListId="8c84fa94-04c1-424b-9868-57a2d4851a1d" relativeResultsDirectory="1d106565-008c-4a02-bbf9-c3fadb68077b" />
    <UnitTestResult executionId="90ddb77f-5ff1-4753-8207-7b345cd42155" testId="49a74de9-0be3-c921-2058-f3e54474097b" testName="CreateMessageGoodByeTest" computerName="CAB99" duration="00:00:00.0001382" startTime="2014-11-10T17:20:46.1008382+01:00" endTime="2014-11-10T17:20:46.1018383+01:00" testType="13cdc9d9-ddb5-4fa4-a97d-d965ccfc6d4b" outcome="Passed" testListId="8c84fa94-04c1-424b-9868-57a2d4851a1d" relativeResultsDirectory="90ddb77f-5ff1-4753-8207-7b345cd42155" />
    <UnitTestResult executionId="79f21b8a-ff03-493a-b86f-c539498fc035" testId="30596c07-1ef6-878f-c765-ce4d180a83ba" testName="CreateMessageGoodByeTestFail" computerName="CAB99" duration="00:00:00.0000829" startTime="2014-11-10T17:20:46.1018383+01:00" endTime="2014-11-10T17:20:46.1018383+01:00" testType="13cdc9d9-ddb5-4fa4-a97d-d965ccfc6d4b" outcome="Passed" testListId="8c84fa94-04c1-424b-9868-57a2d4851a1d" relativeResultsDirectory="79f21b8a-ff03-493a-b86f-c539498fc035" />
    <UnitTestResult executionId="f35a1a5a-2364-4251-9a06-2b2169fad95e" testId="16162f9d-858a-779e-2a28-fe3093bae5dd" testName="TestMethodA" computerName="CAB99" duration="00:00:00.0000797" startTime="2014-11-10T17:20:46.1018383+01:00" endTime="2014-11-10T17:20:46.1028383+01:00" testType="13cdc9d9-ddb5-4fa4-a97d-d965ccfc6d4b" outcome="Passed" testListId="8c84fa94-04c1-424b-9868-57a2d4851a1d" relativeResultsDirectory="f35a1a5a-2364-4251-9a06-2b2169fad95e" />
    <UnitTestResult executionId="1c7e9777-f54a-47d2-89a9-21e6506a9540" testId="ba9d1cff-04a6-c428-dc0f-4bc9af163838" testName="TestMethodB" computerName="CAB99" duration="00:00:00.0000787" startTime="2014-11-10T17:20:46.1028383+01:00" endTime="2014-11-10T17:20:46.1028383+01:00" testType="13cdc9d9-ddb5-4fa4-a97d-d965ccfc6d4b" outcome="Passed" testListId="8c84fa94-04c1-424b-9868-57a2d4851a1d" relativeResultsDirectory="1c7e9777-f54a-47d2-89a9-21e6506a9540" />
    <UnitTestResult executionId="1a89a7be-5ec5-4f7d-b240-e4df50afcbdf" testId="9d57d6d3-7da2-34e0-9ed3-6e7c88f0f2fd" testName="TestMethodC" computerName="CAB99" duration="00:00:00.0000829" startTime="2014-11-10T17:20:46.1028383+01:00" endTime="2014-11-10T17:20:46.1038384+01:00" testType="13cdc9d9-ddb5-4fa4-a97d-d965ccfc6d4b" outcome="Passed" testListId="8c84fa94-04c1-424b-9868-57a2d4851a1d" relativeResultsDirectory="1a89a7be-5ec5-4f7d-b240-e4df50afcbdf" />
    <UnitTestResult executionId="9f793663-d60c-4595-ac7e-e24de6080f46" testId="41f938de-a132-7c4a-5790-4575e643fbf6" testName="TestMethodD" computerName="CAB99" duration="00:00:00.0000790" startTime="2014-11-10T17:20:46.1038384+01:00" endTime="2014-11-10T17:20:46.1038384+01:00" testType="13cdc9d9-ddb5-4fa4-a97d-d965ccfc6d4b" outcome="Passed" testListId="8c84fa94-04c1-424b-9868-57a2d4851a1d" relativeResultsDirectory="9f793663-d60c-4595-ac7e-e24de6080f46" />
    <UnitTestResult executionId="a91c6e75-6cf6-429b-baab-6cd83a3a7b07" testId="bd8796db-5f73-f496-30e5-5730b7e3a57e" testName="TestMethod1" computerName="CAB99" duration="00:00:00.0000790" startTime="2014-11-10T17:20:46.1048384+01:00" endTime="2014-11-10T17:20:46.1048384+01:00" testType="13cdc9d9-ddb5-4fa4-a97d-d965ccfc6d4b" outcome="Passed" testListId="8c84fa94-04c1-424b-9868-57a2d4851a1d" relativeResultsDirectory="a91c6e75-6cf6-429b-baab-6cd83a3a7b07" />
    <UnitTestResult executionId="d8f86ede-9506-457b-ba71-c4fe507445b3" testId="6fda3169-54df-6795-7423-6a529a89fab6" testName="TestMethod2" computerName="CAB99" duration="00:00:00.0000934" startTime="2014-11-10T17:20:46.1408405+01:00" endTime="2014-11-10T17:20:46.1408405+01:00" testType="13cdc9d9-ddb5-4fa4-a97d-d965ccfc6d4b" outcome="Passed" testListId="8c84fa94-04c1-424b-9868-57a2d4851a1d" relativeResultsDirectory="d8f86ede-9506-457b-ba71-c4fe507445b3" />
    <UnitTestResult executionId="694a4ec2-751a-414b-9196-c191ea1b750d" testId="2c28ba8a-1082-b646-ef27-d52d0f8345b1" testName="TestMethod3" computerName="CAB99" duration="00:00:00.0000818" startTime="2014-11-10T17:20:46.1408405+01:00" endTime="2014-11-10T17:20:46.1418406+01:00" testType="13cdc9d9-ddb5-4fa4-a97d-d965ccfc6d4b" outcome="Passed" testListId="8c84fa94-04c1-424b-9868-57a2d4851a1d" relativeResultsDirectory="694a4ec2-751a-414b-9196-c191ea1b750d" />
    <UnitTestResult executionId="279773b9-c008-4d31-84a0-ee6b484eac08" testId="71f0af9e-b34b-ba65-2320-90d99571c913" testName="TestMethod4" computerName="CAB99" duration="00:00:00.0000832" startTime="2014-11-10T17:20:46.1418406+01:00" endTime="2014-11-10T17:20:46.1428406+01:00" testType="13cdc9d9-ddb5-4fa4-a97d-d965ccfc6d4b" outcome="Passed" testListId="8c84fa94-04c1-424b-9868-57a2d4851a1d" relativeResultsDirectory="279773b9-c008-4d31-84a0-ee6b484eac08" />
  </Results>
  <TestDefinitions>
    <UnitTest name="CreateMessageTest" storage="c:\github_archive\hellobyerik\hellobyerik\hellobyeriktests\bin\debug\hellobyeriktests.dll" id="789f9366-74f3-31e5-63a6-333be5a3e51a">
      <Execution id="7a9d9ff4-cd68-462e-96a1-aba74172b5a5" />
      <TestMethod codeBase="C:\GitHub_Archive\HelloByErik\HelloByErik\HelloByErikTests\bin\Debug\HelloByErikTests.dll" adapterTypeName="Microsoft.VisualStudio.TestTools.TestTypes.Unit.UnitTestAdapter" className="HelloByErikTests.CreateMessageTests" name="CreateMessageTest" />
    </UnitTest>
    <UnitTest name="CreateMessageTestFail" storage="c:\github_archive\hellobyerik\hellobyerik\hellobyeriktests\bin\debug\hellobyeriktests.dll" id="c4f5d006-549a-0ba4-057c-4f5f7bf4f595">
      <Execution id="1d106565-008c-4a02-bbf9-c3fadb68077b" />
      <TestMethod codeBase="C:\GitHub_Archive\HelloByErik\HelloByErik\HelloByErikTests\bin\Debug\HelloByErikTests.dll" adapterTypeName="Microsoft.VisualStudio.TestTools.TestTypes.Unit.UnitTestAdapter" className="HelloByErikTests.CreateMessageTests" name="CreateMessageTestFail" />
    </UnitTest>
    <UnitTest name="CreateMessageGoodByeTest" storage="c:\github_archive\hellobyerik\hellobyerik\hellobyeriktests\bin\debug\hellobyeriktests.dll" id="49a74de9-0be3-c921-2058-f3e54474097b">
      <Execution id="90ddb77f-5ff1-4753-8207-7b345cd42155" />
      <TestMethod codeBase="C:\GitHub_Archive\HelloByErik\HelloByErik\HelloByErikTests\bin\Debug\HelloByErikTests.dll" adapterTypeName="Microsoft.VisualStudio.TestTools.TestTypes.Unit.UnitTestAdapter" className="HelloByErikTests.CreateMessageTests" name="CreateMessageGoodByeTest" />
    </UnitTest>
    <UnitTest name="CreateMessageGoodByeTestFail" storage="c:\github_archive\hellobyerik\hellobyerik\hellobyeriktests\bin\debug\hellobyeriktests.dll" id="30596c07-1ef6-878f-c765-ce4d180a83ba">
      <Execution id="79f21b8a-ff03-493a-b86f-c539498fc035" />
      <TestMethod codeBase="C:\GitHub_Archive\HelloByErik\HelloByErik\HelloByErikTests\bin\Debug\HelloByErikTests.dll" adapterTypeName="Microsoft.VisualStudio.TestTools.TestTypes.Unit.UnitTestAdapter" className="HelloByErikTests.CreateMessageTests" name="CreateMessageGoodByeTestFail" />
    </UnitTest>
    <UnitTest name="TestMethodA" storage="c:\github_archive\hellobyerik\hellobyerik\hellobyeriktests\bin\debug\hellobyeriktests.dll" id="16162f9d-858a-779e-2a28-fe3093bae5dd">
      <Execution id="f35a1a5a-2364-4251-9a06-2b2169fad95e" />
      <TestMethod codeBase="C:\GitHub_Archive\HelloByErik\HelloByErik\HelloByErikTests\bin\Debug\HelloByErikTests.dll" adapterTypeName="Microsoft.VisualStudio.TestTools.TestTypes.Unit.UnitTestAdapter" className="HelloByErikTests.UnitTestA" name="TestMethodA" />
    </UnitTest>
    <UnitTest name="TestMethodB" storage="c:\github_archive\hellobyerik\hellobyerik\hellobyeriktests\bin\debug\hellobyeriktests.dll" id="ba9d1cff-04a6-c428-dc0f-4bc9af163838">
      <Execution id="1c7e9777-f54a-47d2-89a9-21e6506a9540" />
      <TestMethod codeBase="C:\GitHub_Archive\HelloByErik\HelloByErik\HelloByErikTests\bin\Debug\HelloByErikTests.dll" adapterTypeName="Microsoft.VisualStudio.TestTools.TestTypes.Unit.UnitTestAdapter" className="HelloByErikTests.UnitTestB" name="TestMethodB" />
    </UnitTest>
    <UnitTest name="TestMethodC" storage="c:\github_archive\hellobyerik\hellobyerik\hellobyeriktests\bin\debug\hellobyeriktests.dll" id="9d57d6d3-7da2-34e0-9ed3-6e7c88f0f2fd">
      <Execution id="1a89a7be-5ec5-4f7d-b240-e4df50afcbdf" />
      <TestMethod codeBase="C:\GitHub_Archive\HelloByErik\HelloByErik\HelloByErikTests\bin\Debug\HelloByErikTests.dll" adapterTypeName="Microsoft.VisualStudio.TestTools.TestTypes.Unit.UnitTestAdapter" className="HelloByErikTests.UnitTestC" name="TestMethodC" />
    </UnitTest>
    <UnitTest name="TestMethodD" storage="c:\github_archive\hellobyerik\hellobyerik\hellobyeriktests\bin\debug\hellobyeriktests.dll" id="41f938de-a132-7c4a-5790-4575e643fbf6">
      <Execution id="9f793663-d60c-4595-ac7e-e24de6080f46" />
      <TestMethod codeBase="C:\GitHub_Archive\HelloByErik\HelloByErik\HelloByErikTests\bin\Debug\HelloByErikTests.dll" adapterTypeName="Microsoft.VisualStudio.TestTools.TestTypes.Unit.UnitTestAdapter" className="HelloByErikTests.UnitTestD" name="TestMethodD" />
    </UnitTest>
    <UnitTest name="TestMethod1" storage="c:\github_archive\hellobyerik\hellobyerik\hellobyeriktests\bin\debug\hellobyeriktests.dll" id="bd8796db-5f73-f496-30e5-5730b7e3a57e">
      <Execution id="a91c6e75-6cf6-429b-baab-6cd83a3a7b07" />
      <TestMethod codeBase="C:\GitHub_Archive\HelloByErik\HelloByErik\HelloByErikTests\bin\Debug\HelloByErikTests.dll" adapterTypeName="Microsoft.VisualStudio.TestTools.TestTypes.Unit.UnitTestAdapter" className="HelloByErikTests.UnitTest1" name="TestMethod1" />
    </UnitTest>
    <UnitTest name="TestMethod2" storage="c:\github_archive\hellobyerik\hellobyerik\hellobyeriktests\bin\debug\hellobyeriktests.dll" id="6fda3169-54df-6795-7423-6a529a89fab6">
      <Execution id="d8f86ede-9506-457b-ba71-c4fe507445b3" />
      <TestMethod codeBase="C:\GitHub_Archive\HelloByErik\HelloByErik\HelloByErikTests\bin\Debug\HelloByErikTests.dll" adapterTypeName="Microsoft.VisualStudio.TestTools.TestTypes.Unit.UnitTestAdapter" className="HelloByErikTests.UnitTest2" name="TestMethod2" />
    </UnitTest>
    <UnitTest name="TestMethod3" storage="c:\github_archive\hellobyerik\hellobyerik\hellobyeriktests\bin\debug\hellobyeriktests.dll" id="2c28ba8a-1082-b646-ef27-d52d0f8345b1">
      <Execution id="694a4ec2-751a-414b-9196-c191ea1b750d" />
      <TestMethod codeBase="C:\GitHub_Archive\HelloByErik\HelloByErik\HelloByErikTests\bin\Debug\HelloByErikTests.dll" adapterTypeName="Microsoft.VisualStudio.TestTools.TestTypes.Unit.UnitTestAdapter" className="HelloByErikTests.UnitTest3" name="TestMethod3" />
    </UnitTest>
    <UnitTest name="TestMethod4" storage="c:\github_archive\hellobyerik\hellobyerik\hellobyeriktests\bin\debug\hellobyeriktests.dll" id="71f0af9e-b34b-ba65-2320-90d99571c913">
      <Execution id="279773b9-c008-4d31-84a0-ee6b484eac08" />
      <TestMethod codeBase="C:\GitHub_Archive\HelloByErik\HelloByErik\HelloByErikTests\bin\Debug\HelloByErikTests.dll" adapterTypeName="Microsoft.VisualStudio.TestTools.TestTypes.Unit.UnitTestAdapter" className="HelloByErikTests.UnitTest4" name="TestMethod4" />
    </UnitTest>
  </TestDefinitions>
  <TestEntries>
    <TestEntry testId="789f9366-74f3-31e5-63a6-333be5a3e51a" executionId="7a9d9ff4-cd68-462e-96a1-aba74172b5a5" testListId="8c84fa94-04c1-424b-9868-57a2d4851a1d" />
    <TestEntry testId="c4f5d006-549a-0ba4-057c-4f5f7bf4f595" executionId="1d106565-008c-4a02-bbf9-c3fadb68077b" testListId="8c84fa94-04c1-424b-9868-57a2d4851a1d" />
    <TestEntry testId="49a74de9-0be3-c921-2058-f3e54474097b" executionId="90ddb77f-5ff1-4753-8207-7b345cd42155" testListId="8c84fa94-04c1-424b-9868-57a2d4851a1d" />
    <TestEntry testId="30596c07-1ef6-878f-c765-ce4d180a83ba" executionId="79f21b8a-ff03-493a-b86f-c539498fc035" testListId="8c84fa94-04c1-424b-9868-57a2d4851a1d" />
    <TestEntry testId="16162f9d-858a-779e-2a28-fe3093bae5dd" executionId="f35a1a5a-2364-4251-9a06-2b2169fad95e" testListId="8c84fa94-04c1-424b-9868-57a2d4851a1d" />
    <TestEntry testId="ba9d1cff-04a6-c428-dc0f-4bc9af163838" executionId="1c7e9777-f54a-47d2-89a9-21e6506a9540" testListId="8c84fa94-04c1-424b-9868-57a2d4851a1d" />
    <TestEntry testId="9d57d6d3-7da2-34e0-9ed3-6e7c88f0f2fd" executionId="1a89a7be-5ec5-4f7d-b240-e4df50afcbdf" testListId="8c84fa94-04c1-424b-9868-57a2d4851a1d" />
    <TestEntry testId="41f938de-a132-7c4a-5790-4575e643fbf6" executionId="9f793663-d60c-4595-ac7e-e24de6080f46" testListId="8c84fa94-04c1-424b-9868-57a2d4851a1d" />
    <TestEntry testId="bd8796db-5f73-f496-30e5-5730b7e3a57e" executionId="a91c6e75-6cf6-429b-baab-6cd83a3a7b07" testListId="8c84fa94-04c1-424b-9868-57a2d4851a1d" />
    <TestEntry testId="6fda3169-54df-6795-7423-6a529a89fab6" executionId="d8f86ede-9506-457b-ba71-c4fe507445b3" testListId="8c84fa94-04c1-424b-9868-57a2d4851a1d" />
    <TestEntry testId="2c28ba8a-1082-b646-ef27-d52d0f8345b1" executionId="694a4ec2-751a-414b-9196-c191ea1b750d" testListId="8c84fa94-04c1-424b-9868-57a2d4851a1d" />
    <TestEntry testId="71f0af9e-b34b-ba65-2320-90d99571c913" executionId="279773b9-c008-4d31-84a0-ee6b484eac08" testListId="8c84fa94-04c1-424b-9868-57a2d4851a1d" />
  </TestEntries>
  <TestLists>
    <TestList name="Results Not in a List" id="8c84fa94-04c1-424b-9868-57a2d4851a1d" />
    <TestList name="All Loaded Results" id="19431567-8539-422a-85d7-44ee4e166bda" />
  </TestLists>
  <ResultSummary outcome="Completed">
    <Counters total="12" executed="12" passed="12" failed="0" error="0" timeout="0" aborted="0" inconclusive="0" passedButRunAborted="0" notRunnable="0" notExecuted="0" disconnected="0" warning="0" completed="0" inProgress="0" pending="0" />
    <RunInfos>
      <RunInfo computerName="CAB99" outcome="Warning" timestamp="2014-11-10T17:20:45.8468237+01:00">
        <Text>Diagnostic data adapter message: Could not find diagnostic data adapter 'Code Coverage'.  Make sure diagnostic data adapter is installed and try again.</Text>
      </RunInfo>
    </RunInfos>
  </ResultSummary>
</TestRun>